#-----------------------------------------------------------
# Vivado v2019.1 (64-bit)
# SW Build 2552052 on Fri May 24 14:49:42 MDT 2019
# IP Build 2548770 on Fri May 24 18:01:18 MDT 2019
# Start of session at: Sat Jul 16 08:35:08 2022
# Process ID: 14340
# Current directory: I:/diqusai_old2/ip_repo/ip
# Command line: vivado.exe -gui_launcher_event rodinguilauncherevent13700 I:\diqusai_old2\ip_repo\ip\ip.xpr
# Log file: I:/diqusai_old2/ip_repo/ip/vivado.log
# Journal file: I:/diqusai_old2/ip_repo/ip\vivado.jou
#-----------------------------------------------------------
start_gui
open_project I:/diqusai_old2/ip_repo/ip/ip.xpr
INFO: [Project 1-313] Project file moved from 'I:/workspace/2022/latter_year/JJW/diqusai/ip_repo/ip' since last save.
Scanning sources...
Finished scanning sources
INFO: [IP_Flow 19-234] Refreshing IP repositories
INFO: [IP_Flow 19-1700] Loaded user IP repository 'i:/diqusai_old2/ip_repo/ip/ip.srcs/sources_1'.
INFO: [IP_Flow 19-2313] Loaded Vivado IP repository 'E:/vivado/Vivado/2019.1/data/ip'.
update_compile_order -fileset sources_1
exit
INFO: [Common 17-206] Exiting Vivado at Sat Jul 16 08:35:47 2022...
